<?xml version="1.0" encoding="UTF-8"?>
<testng-results ignored="0" total="1" passed="1" failed="0" skipped="0">
  <reporter-output>
  </reporter-output>
  <suite started-at="2023-12-15T13:09:20 IST" name="Default suite" finished-at="2023-12-15T13:11:11 IST" duration-ms="110823">
    <groups>
    </groups>
    <test started-at="2023-12-15T13:09:20 IST" name="Default test" finished-at="2023-12-15T13:11:11 IST" duration-ms="110823">
      <class name="driverFactory.AppTest">
        <test-method signature="Excicution()[pri:0, instance:driverFactory.AppTest@1189dd52]" started-at="2023-12-15T13:09:20 IST" name="Excicution" finished-at="2023-12-15T13:11:11 IST" duration-ms="110618" status="PASS">
          <reporter-output>
          </reporter-output>
        </test-method> <!-- Excicution -->
      </class> <!-- driverFactory.AppTest -->
    </test> <!-- Default test -->
  </suite> <!-- Default suite -->
</testng-results>
