<?xml version="1.0" encoding="UTF-8"?>
<testng-results ignored="0" total="1" passed="1" failed="0" skipped="0">
  <reporter-output>
  </reporter-output>
  <suite started-at="2023-12-15T13:13:46 IST" name="Surefire suite" finished-at="2023-12-15T13:15:38 IST" duration-ms="111589">
    <groups>
    </groups>
    <test started-at="2023-12-15T13:13:46 IST" name="Surefire test" finished-at="2023-12-15T13:15:38 IST" duration-ms="111589">
      <class name="driverFactory.AppTest">
        <test-method signature="Excicution()[pri:0, instance:driverFactory.AppTest@4fe767f3]" started-at="2023-12-15T13:13:46 IST" name="Excicution" finished-at="2023-12-15T13:15:38 IST" duration-ms="111427" status="PASS">
          <reporter-output>
          </reporter-output>
        </test-method> <!-- Excicution -->
      </class> <!-- driverFactory.AppTest -->
    </test> <!-- Surefire test -->
  </suite> <!-- Surefire suite -->
</testng-results>
