<?xml version="1.0" encoding="UTF-8"?>
<testsuite xmlns:xsi="http://www.w3.org/2001/XMLSchema-instance" xsi:noNamespaceSchemaLocation="https://maven.apache.org/surefire/maven-surefire-plugin/xsd/surefire-test-report-3.0.xsd" version="3.0" name="driverFactory.AppTest" time="113.422" tests="1" errors="0" skipped="0" failures="0">
  <properties>
[...]
</properties>
  <testcase name="Excicution" classname="driverFactory.AppTest" time="111.433">
    <system-out><![CDATA[It Opened The URl
It Completed The Wait  Actions 
It Completed The CLiCK  Actions 
It Completed The Wait  Actions 
It Completed The Type  Actions 
It Completed The Type  Actions 
It Completed The CLiCK  Actions 
It Completed The Wait  Actions 
It Completed The Wait  Actions 
It Completed The CLiCK  Actions 
It Completed The Wait  Actions 
It Completed The Type  Actions 
It Completed The CLiCK  Actions 
It Completed The Wait  Actions 
It Completed The CLiCK  Actions 
It Completed The Wait  Actions 
It Completed The CLiCK  Actions 
It Completed The Type  Actions 
It Completed The CLiCK  Actions 
It Completed The Wait  Actions 
Yes Data Matched
It completed the Close Action
]]></system-out>
    <system-err><![CDATA[SLF4J: Failed to load class "org.slf4j.impl.StaticLoggerBinder".
SLF4J: Defaulting to no-operation (NOP) logger implementation
SLF4J: See http://www.slf4j.org/codes.html#StaticLoggerBinder for further details.
ERROR StatusLogger Log4j2 could not find a logging implementation. Please add log4j-core to the classpath. Using SimpleLogger to log to the console...
Dec 15, 2023 1:13:58 PM org.openqa.selenium.devtools.CdpVersionFinder findNearestMatch
WARNING: Unable to find an exact match for CDP version 120, returning the closest version; found: 119; Please update to a Selenium version that supports CDP version 120
]]></system-err>
  </testcase>
</testsuite>